     1                                  ; Write a program in the assembly language that computes the following arithmetic expression, considering the following data types for the variables:
     2                                  ; a, b, c - byte
     3                                  ; ((a-b)*4)/c
     4                                  ; ex. 1: a = 20; b = 10; c = 2; Result: ((20-10)*4)/2=40/2=20
     5                                  
     6                                  bits 32 ;assembling for the 32 bits architecture
     7                                  ; the start label will be the entry point in the program
     8                                  global  start 
     9                                  
    10                                  extern  exit ; we inform the assembler that the exit symbol is foreign, i.e. it exists even if we won't be defining it
    11                                  
    12                                  import  exit msvcrt.dll; exit is a function that ends the process, it is defined in msvcrt.dll
    13                                          ; msvcrt.dll contains exit, printf and all the other important C-runtime functions
    14                                  segment  data use32 class=data ; the data segment where the variables are declared 
    15 00000000 14                      	a  db 20
    16 00000001 0A                      	b  db 10
    17 00000002 02                          c  db 2
    18                                      
    19                                  segment  code use32 class=code ; code segment
    20                                  start: 
    21 00000000 A0[00000000]            	mov AL, [a] ;AL=a
    22 00000005 2A05[01000000]              sub AL, [b] ;AL=AL-b
    23                                      
    24 0000000B B104                        mov CL, 4 ;CL=4
    25 0000000D F6E1                        mul CL  ;AX=AL*CL=(a-b)*4
    26                                      
    27 0000000F 8A0D[02000000]              mov CL, [c] ;cl=2
    28 00000015 F6F1                        div CL ;AL=AX/CL
    29                                      
    30 00000017 6A00                    	push   dword 0 ;saves on stack the parameter of the function exit
    31 00000019 FF15[00000000]          	call   [exit] ; function exit is called in order to end the execution of the program
