31 -> -1
19 -> -1
1 -> 0
23 -> -1
32 -> -1
1 -> 1
23 -> -1
32 -> -1
1 -> 2
23 -> -1
32 -> -1
43 -> -1
21 -> -1
37 -> -1
17 -> -1
1 -> 0
18 -> -1
1 -> 1
13 -> -1
2 -> 3
1 -> 2
13 -> -1
2 -> 4
41 -> -1
1 -> 2
9 -> -1
1 -> 0
29 -> -1
23 -> -1
1 -> 1
13 -> -1
1 -> 1
3 -> -1
1 -> 2
1 -> 2
13 -> -1
1 -> 2
3 -> -1
2 -> 4
30 -> -1
24 -> -1
43 -> -1
21 -> -1
40 -> -1
17 -> -1
2 -> 5
18 -> -1
43 -> -1
21 -> -1
40 -> -1
17 -> -1
1 -> 1
18 -> -1
1 -> 6
23 -> -1
42 -> -1
17 -> -1
32 -> -1
18 -> -1
15 -> -1
2 -> 7
16 -> -1
1 -> 8
23 -> -1
32 -> -1
1 -> 9
23 -> -1
32 -> -1
1 -> 10
23 -> -1
32 -> -1
1 -> 2
23 -> -1
32 -> -1
43 -> -1
21 -> -1
37 -> -1
17 -> -1
1 -> 6
18 -> -1
1 -> 8
13 -> -1
2 -> 11
1 -> 9
13 -> -1
2 -> 12
41 -> -1
1 -> 2
11 -> -1
2 -> 7
29 -> -1
23 -> -1
1 -> 10
13 -> -1
1 -> 6
15 -> -1
1 -> 2
16 -> -1
38 -> -1
1 -> 10
10 -> -1
1 -> 8
29 -> -1
23 -> -1
1 -> 8
13 -> -1
1 -> 10
30 -> -1
24 -> -1
38 -> -1
1 -> 10
11 -> -1
1 -> 9
29 -> -1
23 -> -1
1 -> 9
13 -> -1
1 -> 10
30 -> -1
24 -> -1
1 -> 2
13 -> -1
1 -> 2
3 -> -1
2 -> 4
30 -> -1
24 -> -1
43 -> -1
21 -> -1
40 -> -1
17 -> -1
2 -> 13
18 -> -1
43 -> -1
21 -> -1
40 -> -1
17 -> -1
1 -> 8
18 -> -1
43 -> -1
21 -> -1
40 -> -1
17 -> -1
2 -> 14
18 -> -1
43 -> -1
21 -> -1
40 -> -1
17 -> -1
1 -> 9
18 -> -1
20 -> -1
